<?xml version="1.0" encoding="UTF-8"?>
<testsuite xmlns:xsi="http://www.w3.org/2001/XMLSchema-instance" xsi:noNamespaceSchemaLocation="https://maven.apache.org/surefire/maven-surefire-plugin/xsd/surefire-test-report-3.0.xsd" version="3.0" name="com.example.GcsSampleApplicationIntegrationTests" time="0.002" tests="1" errors="0" skipped="1" failures="0">
  <properties/>
  <testcase name="testGcsResourceIsLoaded" classname="com.example.GcsSampleApplicationIntegrationTests" time="0.0">
    <skipped message="System property [it.storage] does not exist"/>
  </testcase>
</testsuite>